<?xml version="1.0" encoding="UTF-8"?>
<!-- Generated by org.testng.reporters.JUnitXMLReporter -->
<testsuite ignored="0" hostname="Zainaya" failures="0" tests="5" name="Default test" time="22.639" errors="0" timestamp="2025-02-07T17:57:13 PST">
  <testcase classname="testCases.TC02_Login" name="testLogin" time="3.302"/>
  <testcase classname="testCases.TC02_Login" name="testLogin" time="3.336"/>
  <testcase classname="testCases.TC02_Login" name="testLogin" time="3.245"/>
  <testcase classname="testCases.TC02_Login" name="testLogin" time="3.171"/>
  <testcase classname="testCases.TC02_Login" name="testLogin" time="3.259"/>
</testsuite> <!-- Default test -->
