<?xml version="1.0" encoding="UTF-8"?>
<!-- Generated by org.testng.reporters.JUnitXMLReporter -->
<testsuite ignored="0" hostname="Lennoxs-MacBook-Pro.local" failures="0" tests="10" name="chromeTest" time="114.65" errors="0" timestamp="2025-02-16T00:22:35 EST">
  <testcase classname="testCases.TC01_LaunchApplication" name="testLaunchApplication" time="0.045"/>
  <testcase classname="testCases.TC06_PurchaseAGiftCertificate" name="testPurchaseAGiftCertificate" time="2.289"/>
  <testcase classname="testCases.TC03_AddToCart" name="testAddAnItemToWishList" time="2.297"/>
  <testcase classname="testCases.TC02_Login" name="testLogin" time="2.56"/>
  <testcase classname="testCases.TC02_Login" name="testLogin" time="2.686"/>
  <testcase classname="testCases.TC02_Login" name="testLogin" time="2.21"/>
  <testcase classname="testCases.TC02_Login" name="testLogin" time="3.029"/>
  <testcase classname="testCases.TC02_Login" name="testLogin" time="2.27"/>
  <testcase classname="testCases.TC05_AddAnItemToWishList" name="testAddToCart" time="1.851"/>
  <testcase classname="testCases.TC04_CompletePurchase" name="testCompletePurchase" time="70.733"/>
</testsuite> <!-- chromeTest -->
