<?xml version="1.0" encoding="UTF-8"?>
<!-- Generated by org.testng.reporters.JUnitXMLReporter -->
<testsuite ignored="0" hostname="Lennoxs-MacBook-Pro.local" failures="0" tests="10" name="edgeTest" time="130.014" errors="0" timestamp="2025-02-16T00:22:50 EST">
  <testcase classname="testCases.TC01_LaunchApplication" name="testLaunchApplication" time="0.073"/>
  <testcase classname="testCases.TC06_PurchaseAGiftCertificate" name="testPurchaseAGiftCertificate" time="1.598"/>
  <testcase classname="testCases.TC03_AddToCart" name="testAddAnItemToWishList" time="1.963"/>
  <testcase classname="testCases.TC02_Login" name="testLogin" time="2.429"/>
  <testcase classname="testCases.TC02_Login" name="testLogin" time="2.434"/>
  <testcase classname="testCases.TC02_Login" name="testLogin" time="2.279"/>
  <testcase classname="testCases.TC02_Login" name="testLogin" time="2.142"/>
  <testcase classname="testCases.TC02_Login" name="testLogin" time="2.819"/>
  <testcase classname="testCases.TC05_AddAnItemToWishList" name="testAddToCart" time="1.996"/>
  <testcase classname="testCases.TC04_CompletePurchase" name="testCompletePurchase" time="70.27"/>
</testsuite> <!-- edgeTest -->
