<?xml version="1.0" encoding="UTF-8"?>
<!-- Generated by org.testng.reporters.JUnitXMLReporter -->
<testsuite ignored="0" hostname="Lennoxs-MacBook-Pro.local" failures="0" tests="10" name="edgeTest" time="125.025" errors="0" timestamp="2025-02-21T00:53:38 EST">
  <testcase classname="testCases.TC01_LaunchApplication" name="testLaunchApplication" time="1.292"/>
  <testcase classname="testCases.TC06_PurchaseAGiftCertificate" name="testPurchaseAGiftCertificate" time="3.128"/>
  <testcase classname="testCases.TC03_AddToCart" name="testAddAnItemToWishList" time="1.993"/>
  <testcase classname="testCases.TC02_Login" name="testLogin" time="2.479"/>
  <testcase classname="testCases.TC02_Login" name="testLogin" time="2.546"/>
  <testcase classname="testCases.TC02_Login" name="testLogin" time="2.279"/>
  <testcase classname="testCases.TC02_Login" name="testLogin" time="2.101"/>
  <testcase classname="testCases.TC02_Login" name="testLogin" time="2.628"/>
  <testcase classname="testCases.TC05_AddAnItemToWishList" name="testAddToCart" time="1.883"/>
  <testcase classname="testCases.TC04_CompletePurchase" name="testCompletePurchase" time="69.834"/>
</testsuite> <!-- edgeTest -->
