<?xml version="1.0" encoding="UTF-8"?>
<!-- Generated by org.testng.reporters.JUnitXMLReporter -->
<testsuite ignored="0" hostname="Lennoxs-MacBook-Pro.local" failures="0" tests="10" name="firefoxTest" time="121.601" errors="0" timestamp="2025-02-21T00:53:34 EST">
  <testcase classname="testCases.TC01_LaunchApplication" name="testLaunchApplication" time="0.045"/>
  <testcase classname="testCases.TC06_PurchaseAGiftCertificate" name="testPurchaseAGiftCertificate" time="1.811"/>
  <testcase classname="testCases.TC03_AddToCart" name="testAddAnItemToWishList" time="1.961"/>
  <testcase classname="testCases.TC02_Login" name="testLogin" time="2.458"/>
  <testcase classname="testCases.TC02_Login" name="testLogin" time="2.789"/>
  <testcase classname="testCases.TC02_Login" name="testLogin" time="2.585"/>
  <testcase classname="testCases.TC02_Login" name="testLogin" time="2.321"/>
  <testcase classname="testCases.TC02_Login" name="testLogin" time="2.4"/>
  <testcase classname="testCases.TC05_AddAnItemToWishList" name="testAddToCart" time="1.918"/>
  <testcase classname="testCases.TC04_CompletePurchase" name="testCompletePurchase" time="69.781"/>
</testsuite> <!-- firefoxTest -->
