<?xml version="1.0" encoding="UTF-8"?>
<!-- Generated by org.testng.reporters.JUnitXMLReporter -->
<testsuite ignored="0" hostname="Lennoxs-MacBook-Pro.local" failures="0" tests="10" name="firefoxTest" time="122.856" errors="0" timestamp="2025-02-16T00:22:43 EST">
  <testcase classname="testCases.TC01_LaunchApplication" name="testLaunchApplication" time="0.081"/>
  <testcase classname="testCases.TC06_PurchaseAGiftCertificate" name="testPurchaseAGiftCertificate" time="1.891"/>
  <testcase classname="testCases.TC03_AddToCart" name="testAddAnItemToWishList" time="1.921"/>
  <testcase classname="testCases.TC02_Login" name="testLogin" time="2.466"/>
  <testcase classname="testCases.TC02_Login" name="testLogin" time="3.244"/>
  <testcase classname="testCases.TC02_Login" name="testLogin" time="2.552"/>
  <testcase classname="testCases.TC02_Login" name="testLogin" time="2.509"/>
  <testcase classname="testCases.TC02_Login" name="testLogin" time="2.431"/>
  <testcase classname="testCases.TC05_AddAnItemToWishList" name="testAddToCart" time="2.634"/>
  <testcase classname="testCases.TC04_CompletePurchase" name="testCompletePurchase" time="69.864"/>
</testsuite> <!-- firefoxTest -->
