<?xml version="1.0" encoding="UTF-8"?>
<!-- Generated by org.testng.reporters.JUnitXMLReporter -->
<testsuite ignored="0" hostname="Lennoxs-MacBook-Pro.local" failures="0" tests="10" name="Test" time="58.668" errors="0" timestamp="2025-02-12T20:07:30 EST">
  <testcase classname="testCases.TC01_LaunchApplication" name="testLaunchApplication" time="0.039"/>
  <testcase classname="testCases.TC06_PurchaseAGiftCertificate" name="testPurchaseAGiftCertificate" time="1.439"/>
  <testcase classname="testCases.TC03_AddToCart" name="testAddAnItemToWishList" time="1.833"/>
  <testcase classname="testCases.TC02_Login" name="testLogin" time="2.138"/>
  <testcase classname="testCases.TC02_Login" name="testLogin" time="2.291"/>
  <testcase classname="testCases.TC02_Login" name="testLogin" time="2.134"/>
  <testcase classname="testCases.TC02_Login" name="testLogin" time="2.146"/>
  <testcase classname="testCases.TC02_Login" name="testLogin" time="2.149"/>
  <testcase classname="testCases.TC05_AddAnItemToWishList" name="testAddToCart" time="1.724"/>
  <testcase classname="testCases.TC04_CompletePurchase" name="testCompletePurchase" time="19.31"/>
</testsuite> <!-- Test -->
