<?xml version="1.0" encoding="UTF-8"?>
<!-- Generated by org.testng.reporters.JUnitXMLReporter -->
<testsuite ignored="0" hostname="Lennoxs-MacBook-Pro.local" failures="0" tests="10" name="chromeTest" time="110.277" errors="0" timestamp="2025-02-20T19:10:14 EST">
  <testcase classname="testCases.TC01_LaunchApplication" name="testLaunchApplication" time="1.286"/>
  <testcase classname="testCases.TC06_PurchaseAGiftCertificate" name="testPurchaseAGiftCertificate" time="2.933"/>
  <testcase classname="testCases.TC03_AddToCart" name="testAddAnItemToWishList" time="1.892"/>
  <testcase classname="testCases.TC02_Login" name="testLogin" time="2.347"/>
  <testcase classname="testCases.TC02_Login" name="testLogin" time="2.416"/>
  <testcase classname="testCases.TC02_Login" name="testLogin" time="2.332"/>
  <testcase classname="testCases.TC02_Login" name="testLogin" time="2.279"/>
  <testcase classname="testCases.TC02_Login" name="testLogin" time="2.178"/>
  <testcase classname="testCases.TC05_AddAnItemToWishList" name="testAddToCart" time="1.979"/>
  <testcase classname="testCases.TC04_CompletePurchase" name="testCompletePurchase" time="70.095"/>
</testsuite> <!-- chromeTest -->
