<?xml version="1.0" encoding="UTF-8"?>
<!-- Generated by org.testng.reporters.JUnitXMLReporter -->
<testsuite ignored="0" hostname="Lennoxs-MacBook-Pro.local" failures="0" tests="10" name="edgeTest" time="116.05" errors="0" timestamp="2025-02-20T19:10:20 EST">
  <testcase classname="testCases.TC01_LaunchApplication" name="testLaunchApplication" time="0.038"/>
  <testcase classname="testCases.TC06_PurchaseAGiftCertificate" name="testPurchaseAGiftCertificate" time="1.48"/>
  <testcase classname="testCases.TC03_AddToCart" name="testAddAnItemToWishList" time="1.927"/>
  <testcase classname="testCases.TC02_Login" name="testLogin" time="2.221"/>
  <testcase classname="testCases.TC02_Login" name="testLogin" time="2.672"/>
  <testcase classname="testCases.TC02_Login" name="testLogin" time="2.047"/>
  <testcase classname="testCases.TC02_Login" name="testLogin" time="2.303"/>
  <testcase classname="testCases.TC02_Login" name="testLogin" time="2.122"/>
  <testcase classname="testCases.TC05_AddAnItemToWishList" name="testAddToCart" time="2.209"/>
  <testcase classname="testCases.TC04_CompletePurchase" name="testCompletePurchase" time="69.833"/>
</testsuite> <!-- edgeTest -->
