<?xml version="1.0" encoding="UTF-8"?>
<!-- Generated by org.testng.reporters.JUnitXMLReporter -->
<testsuite ignored="0" hostname="Lennoxs-MacBook-Pro.local" failures="0" tests="10" name="firefoxTest" time="120.217" errors="0" timestamp="2025-02-20T19:10:24 EST">
  <testcase classname="testCases.TC01_LaunchApplication" name="testLaunchApplication" time="0.026"/>
  <testcase classname="testCases.TC06_PurchaseAGiftCertificate" name="testPurchaseAGiftCertificate" time="1.602"/>
  <testcase classname="testCases.TC03_AddToCart" name="testAddAnItemToWishList" time="1.955"/>
  <testcase classname="testCases.TC02_Login" name="testLogin" time="2.635"/>
  <testcase classname="testCases.TC02_Login" name="testLogin" time="2.653"/>
  <testcase classname="testCases.TC02_Login" name="testLogin" time="2.633"/>
  <testcase classname="testCases.TC02_Login" name="testLogin" time="2.246"/>
  <testcase classname="testCases.TC02_Login" name="testLogin" time="2.443"/>
  <testcase classname="testCases.TC05_AddAnItemToWishList" name="testAddToCart" time="1.842"/>
  <testcase classname="testCases.TC04_CompletePurchase" name="testCompletePurchase" time="69.494"/>
</testsuite> <!-- firefoxTest -->
