<?xml version="1.0" encoding="UTF-8"?>
<testsuite xmlns:xsi="http://www.w3.org/2001/XMLSchema-instance" xsi:noNamespaceSchemaLocation="https://maven.apache.org/surefire/maven-surefire-plugin/xsd/surefire-test-report.xsd" version="3.0.2" name="TestSuite" time="120.694" tests="30" errors="0" skipped="0" failures="0">
  <properties>
[...]
</properties>
  <testcase name="testLaunchApplication" classname="testCases.TC01_LaunchApplication" time="0.103">
    <system-out><![CDATA[2025-02-21T00:08:24.111044Z main INFO Starting configuration XmlConfiguration[location=/Users/lennoxfernandes/eclipse-workspace/NinjaV6/target/test-classes/log4j2.xml, lastModified=2025-02-19T01:06:43.806Z]...
2025-02-21T00:08:24.111777Z main INFO Start watching for changes to /Users/lennoxfernandes/eclipse-workspace/NinjaV6/target/test-classes/log4j2.xml every 0 seconds
2025-02-21T00:08:24.111907Z main INFO Configuration XmlConfiguration[location=/Users/lennoxfernandes/eclipse-workspace/NinjaV6/target/test-classes/log4j2.xml, lastModified=2025-02-19T01:06:43.806Z] started.
2025-02-21T00:08:24.113475Z main INFO Stopping configuration org.apache.logging.log4j.core.config.DefaultConfiguration@163e4e87...
2025-02-21T00:08:24.113713Z main INFO Configuration org.apache.logging.log4j.core.config.DefaultConfiguration@163e4e87 stopped.
]]></system-out>
    <system-err><![CDATA[Feb 20, 2025 7:08:24 P.M. org.openqa.selenium.remote.tracing.opentelemetry.OpenTelemetryTracer createTracer
INFO: Using OpenTelemetry for tracing
]]></system-err>
  </testcase>
  <testcase name="testLaunchApplication" classname="testCases.TC01_LaunchApplication" time="0.151"/>
  <testcase name="testLaunchApplication" classname="testCases.TC01_LaunchApplication" time="0.027"/>
  <testcase name="testPurchaseAGiftCertificate" classname="testCases.TC06_PurchaseAGiftCertificate" time="0.383"/>
  <testcase name="testPurchaseAGiftCertificate" classname="testCases.TC06_PurchaseAGiftCertificate" time="0.354"/>
  <testcase name="testPurchaseAGiftCertificate" classname="testCases.TC06_PurchaseAGiftCertificate" time="1.603"/>
  <testcase name="testAddAnItemToWishList" classname="testCases.TC03_AddToCart" time="1.892"/>
  <testcase name="testAddAnItemToWishList" classname="testCases.TC03_AddToCart" time="1.927"/>
  <testcase name="testAddAnItemToWishList" classname="testCases.TC03_AddToCart" time="0.298"/>
  <testcase name="testLogin[goodmorning@gmail.com, test@1234](1)" classname="testCases.TC02_Login" time="2.348"/>
  <testcase name="testLogin[goodmorning@gmail.com, test@1234](1)" classname="testCases.TC02_Login" time="0.448"/>
  <testcase name="testLogin[goodmorning@gmail.com, test@1234](1)" classname="testCases.TC02_Login" time="0.557"/>
  <testcase name="testLogin[test121@test.com, test123](2)" classname="testCases.TC02_Login" time="1.771"/>
  <testcase name="testLogin[test121@test.com, test123](2)" classname="testCases.TC02_Login" time="0.789"/>
  <testcase name="testLogin[test121@test.com, test123](2)" classname="testCases.TC02_Login" time="1.162"/>
  <testcase name="testLogin[sid@cloudberry.services, Test123](3)" classname="testCases.TC02_Login" time="1.289"/>
  <testcase name="testLogin[sid@cloudberry.services, Test123](3)" classname="testCases.TC02_Login" time="0.556"/>
  <testcase name="testLogin[sid@cloudberry.services, Test123](3)" classname="testCases.TC02_Login" time="1.493"/>
  <testcase name="testLogin[otisdog22@yahoo.com, 1234QWERT](4)" classname="testCases.TC02_Login" time="0.934"/>
  <testcase name="testLogin[otisdog22@yahoo.com, 1234QWERT](4)" classname="testCases.TC02_Login" time="1.14"/>
  <testcase name="testLogin[otisdog22@yahoo.com, 1234QWERT](4)" classname="testCases.TC02_Login" time="0.86"/>
  <testcase name="testLogin[shalaka.dongre@gmail.com, Test123!](5)" classname="testCases.TC02_Login" time="0.459"/>
  <testcase name="testLogin[shalaka.dongre@gmail.com, Test123!](5)" classname="testCases.TC02_Login" time="0.628"/>
  <testcase name="testLogin[shalaka.dongre@gmail.com, Test123!](5)" classname="testCases.TC02_Login" time="2.436"/>
  <testcase name="testAddToCart" classname="testCases.TC05_AddAnItemToWishList" time="1.116"/>
  <testcase name="testAddToCart" classname="testCases.TC05_AddAnItemToWishList" time="0.349"/>
  <testcase name="testAddToCart" classname="testCases.TC05_AddAnItemToWishList" time="1.841"/>
  <testcase name="testCompletePurchase" classname="testCases.TC04_CompletePurchase" time="59.964"/>
  <testcase name="testCompletePurchase" classname="testCases.TC04_CompletePurchase" time="64.72">
    <system-err><![CDATA[java.io.IOException: Failed to mail or browse file:/Users/lennoxfernandes/eclipse-workspace/NinjaV6./reports/Test-Report-2025.02.20.19.08.24.html. Error code: -43
	at java.desktop/sun.lwawt.macosx.CDesktopPeer.lsOpen(CDesktopPeer.java:169)
	at java.desktop/sun.lwawt.macosx.CDesktopPeer.browse(CDesktopPeer.java:74)
	at java.desktop/java.awt.Desktop.browse(Desktop.java:533)
	at utilities.ExtentReportManager.onFinish(ExtentReportManager.java:111)
	at org.testng.TestRunner.fireEvent(TestRunner.java:873)
	at org.testng.TestRunner.afterRun(TestRunner.java:828)
	at org.testng.TestRunner.run(TestRunner.java:616)
	at org.testng.SuiteRunner.runTest(SuiteRunner.java:421)
	at org.testng.SuiteRunner$SuiteWorker.run(SuiteRunner.java:463)
	at org.testng.internal.thread.ThreadUtil.lambda$execute$0(ThreadUtil.java:64)
	at java.base/java.util.concurrent.FutureTask.run(FutureTask.java:317)
	at java.base/java.util.concurrent.ThreadPoolExecutor.runWorker(ThreadPoolExecutor.java:1144)
	at java.base/java.util.concurrent.ThreadPoolExecutor$Worker.run(ThreadPoolExecutor.java:642)
	at java.base/java.lang.Thread.run(Thread.java:1583)
]]></system-err>
  </testcase>
  <testcase name="testCompletePurchase" classname="testCases.TC04_CompletePurchase" time="69.493">
    <system-err><![CDATA[java.io.IOException: Failed to mail or browse file:/Users/lennoxfernandes/eclipse-workspace/NinjaV6./reports/Test-Report-2025.02.20.19.08.24.html. Error code: -43
	at java.desktop/sun.lwawt.macosx.CDesktopPeer.lsOpen(CDesktopPeer.java:169)
	at java.desktop/sun.lwawt.macosx.CDesktopPeer.browse(CDesktopPeer.java:74)
	at java.desktop/java.awt.Desktop.browse(Desktop.java:533)
	at utilities.ExtentReportManager.onFinish(ExtentReportManager.java:111)
	at org.testng.TestRunner.fireEvent(TestRunner.java:873)
	at org.testng.TestRunner.afterRun(TestRunner.java:828)
	at org.testng.TestRunner.run(TestRunner.java:616)
	at org.testng.SuiteRunner.runTest(SuiteRunner.java:421)
	at org.testng.SuiteRunner$SuiteWorker.run(SuiteRunner.java:463)
	at org.testng.internal.thread.ThreadUtil.lambda$execute$0(ThreadUtil.java:64)
	at java.base/java.util.concurrent.FutureTask.run(FutureTask.java:317)
	at java.base/java.util.concurrent.ThreadPoolExecutor.runWorker(ThreadPoolExecutor.java:1144)
	at java.base/java.util.concurrent.ThreadPoolExecutor$Worker.run(ThreadPoolExecutor.java:642)
	at java.base/java.lang.Thread.run(Thread.java:1583)
]]></system-err>
  </testcase>
</testsuite>