<?xml version="1.0" encoding="UTF-8"?>
<testng-results ignored="0" total="30" passed="30" failed="0" skipped="0">
  <reporter-output>
  </reporter-output>
  <suite started-at="2025-02-16T00:20:40 EST" name="Suite" finished-at="2025-02-16T00:22:50 EST" duration-ms="130014">
    <groups>
      <group name="datadriven">
        <method signature="TC02_Login.testLogin(java.lang.String,java.lang.String)[pri:0, instance:testCases.TC02_Login@1941a8ff]" name="testLogin" class="testCases.TC02_Login"/>
        <method signature="TC02_Login.testLogin(java.lang.String,java.lang.String)[pri:0, instance:testCases.TC02_Login@12c7a01b]" name="testLogin" class="testCases.TC02_Login"/>
        <method signature="TC02_Login.testLogin(java.lang.String,java.lang.String)[pri:0, instance:testCases.TC02_Login@737a135b]" name="testLogin" class="testCases.TC02_Login"/>
      </group> <!-- datadriven -->
      <group name="regression">
        <method signature="TC01_LaunchApplication.testLaunchApplication()[pri:0, instance:testCases.TC01_LaunchApplication@66ac5762]" name="testLaunchApplication" class="testCases.TC01_LaunchApplication"/>
        <method signature="TC02_Login.testLogin(java.lang.String,java.lang.String)[pri:0, instance:testCases.TC02_Login@1941a8ff]" name="testLogin" class="testCases.TC02_Login"/>
        <method signature="TC03_AddToCart.testAddAnItemToWishList()[pri:0, instance:testCases.TC03_AddToCart@3a12c404]" name="testAddAnItemToWishList" class="testCases.TC03_AddToCart"/>
        <method signature="TC04_CompletePurchase.testCompletePurchase()[pri:0, instance:testCases.TC04_CompletePurchase@149dd36b]" name="testCompletePurchase" class="testCases.TC04_CompletePurchase"/>
        <method signature="TC05_AddAnItemToWishList.testAddToCart()[pri:0, instance:testCases.TC05_AddAnItemToWishList@22d7b4f8]" name="testAddToCart" class="testCases.TC05_AddAnItemToWishList"/>
        <method signature="TC06_PurchaseAGiftCertificate.testPurchaseAGiftCertificate()[pri:0, instance:testCases.TC06_PurchaseAGiftCertificate@7862f56]" name="testPurchaseAGiftCertificate" class="testCases.TC06_PurchaseAGiftCertificate"/>
        <method signature="TC01_LaunchApplication.testLaunchApplication()[pri:0, instance:testCases.TC01_LaunchApplication@2da59753]" name="testLaunchApplication" class="testCases.TC01_LaunchApplication"/>
        <method signature="TC02_Login.testLogin(java.lang.String,java.lang.String)[pri:0, instance:testCases.TC02_Login@12c7a01b]" name="testLogin" class="testCases.TC02_Login"/>
        <method signature="TC03_AddToCart.testAddAnItemToWishList()[pri:0, instance:testCases.TC03_AddToCart@4df5bcb4]" name="testAddAnItemToWishList" class="testCases.TC03_AddToCart"/>
        <method signature="TC04_CompletePurchase.testCompletePurchase()[pri:0, instance:testCases.TC04_CompletePurchase@2826f61]" name="testCompletePurchase" class="testCases.TC04_CompletePurchase"/>
        <method signature="TC05_AddAnItemToWishList.testAddToCart()[pri:0, instance:testCases.TC05_AddAnItemToWishList@13d9b21f]" name="testAddToCart" class="testCases.TC05_AddAnItemToWishList"/>
        <method signature="TC06_PurchaseAGiftCertificate.testPurchaseAGiftCertificate()[pri:0, instance:testCases.TC06_PurchaseAGiftCertificate@5629510]" name="testPurchaseAGiftCertificate" class="testCases.TC06_PurchaseAGiftCertificate"/>
        <method signature="TC01_LaunchApplication.testLaunchApplication()[pri:0, instance:testCases.TC01_LaunchApplication@4d9ac0b4]" name="testLaunchApplication" class="testCases.TC01_LaunchApplication"/>
        <method signature="TC02_Login.testLogin(java.lang.String,java.lang.String)[pri:0, instance:testCases.TC02_Login@737a135b]" name="testLogin" class="testCases.TC02_Login"/>
        <method signature="TC03_AddToCart.testAddAnItemToWishList()[pri:0, instance:testCases.TC03_AddToCart@2654635]" name="testAddAnItemToWishList" class="testCases.TC03_AddToCart"/>
        <method signature="TC04_CompletePurchase.testCompletePurchase()[pri:0, instance:testCases.TC04_CompletePurchase@15dcfae7]" name="testCompletePurchase" class="testCases.TC04_CompletePurchase"/>
        <method signature="TC05_AddAnItemToWishList.testAddToCart()[pri:0, instance:testCases.TC05_AddAnItemToWishList@687ef2e0]" name="testAddToCart" class="testCases.TC05_AddAnItemToWishList"/>
        <method signature="TC06_PurchaseAGiftCertificate.testPurchaseAGiftCertificate()[pri:0, instance:testCases.TC06_PurchaseAGiftCertificate@130dca52]" name="testPurchaseAGiftCertificate" class="testCases.TC06_PurchaseAGiftCertificate"/>
      </group> <!-- regression -->
      <group name="smoke">
        <method signature="TC01_LaunchApplication.testLaunchApplication()[pri:0, instance:testCases.TC01_LaunchApplication@66ac5762]" name="testLaunchApplication" class="testCases.TC01_LaunchApplication"/>
        <method signature="TC02_Login.testLogin(java.lang.String,java.lang.String)[pri:0, instance:testCases.TC02_Login@1941a8ff]" name="testLogin" class="testCases.TC02_Login"/>
        <method signature="TC03_AddToCart.testAddAnItemToWishList()[pri:0, instance:testCases.TC03_AddToCart@3a12c404]" name="testAddAnItemToWishList" class="testCases.TC03_AddToCart"/>
        <method signature="TC04_CompletePurchase.testCompletePurchase()[pri:0, instance:testCases.TC04_CompletePurchase@149dd36b]" name="testCompletePurchase" class="testCases.TC04_CompletePurchase"/>
        <method signature="TC01_LaunchApplication.testLaunchApplication()[pri:0, instance:testCases.TC01_LaunchApplication@2da59753]" name="testLaunchApplication" class="testCases.TC01_LaunchApplication"/>
        <method signature="TC02_Login.testLogin(java.lang.String,java.lang.String)[pri:0, instance:testCases.TC02_Login@12c7a01b]" name="testLogin" class="testCases.TC02_Login"/>
        <method signature="TC03_AddToCart.testAddAnItemToWishList()[pri:0, instance:testCases.TC03_AddToCart@4df5bcb4]" name="testAddAnItemToWishList" class="testCases.TC03_AddToCart"/>
        <method signature="TC04_CompletePurchase.testCompletePurchase()[pri:0, instance:testCases.TC04_CompletePurchase@2826f61]" name="testCompletePurchase" class="testCases.TC04_CompletePurchase"/>
        <method signature="TC01_LaunchApplication.testLaunchApplication()[pri:0, instance:testCases.TC01_LaunchApplication@4d9ac0b4]" name="testLaunchApplication" class="testCases.TC01_LaunchApplication"/>
        <method signature="TC02_Login.testLogin(java.lang.String,java.lang.String)[pri:0, instance:testCases.TC02_Login@737a135b]" name="testLogin" class="testCases.TC02_Login"/>
        <method signature="TC03_AddToCart.testAddAnItemToWishList()[pri:0, instance:testCases.TC03_AddToCart@2654635]" name="testAddAnItemToWishList" class="testCases.TC03_AddToCart"/>
        <method signature="TC04_CompletePurchase.testCompletePurchase()[pri:0, instance:testCases.TC04_CompletePurchase@15dcfae7]" name="testCompletePurchase" class="testCases.TC04_CompletePurchase"/>
      </group> <!-- smoke -->
    </groups>
    <test started-at="2025-02-16T00:20:40 EST" name="chromeTest" finished-at="2025-02-16T00:22:34 EST" duration-ms="114650">
      <class name="testCases.TC02_Login">
        <test-method is-config="true" signature="openApp(java.lang.String,java.lang.String)[pri:0, instance:testCases.TC02_Login@1941a8ff]" started-at="2025-02-16T00:20:57 EST" name="openApp" finished-at="2025-02-16T00:21:01 EST" duration-ms="3976" status="PASS">
          <params>
            <param index="0">
              <value>
                <![CDATA[Mac]]>
              </value>
            </param>
            <param index="1">
              <value>
                <![CDATA[chrome]]>
              </value>
            </param>
          </params>
          <reporter-output>
          </reporter-output>
        </test-method> <!-- openApp -->
        <test-method signature="testLogin(java.lang.String,java.lang.String)[pri:0, instance:testCases.TC02_Login@1941a8ff]" started-at="2025-02-16T00:21:02 EST" name="testLogin" data-provider="LoginData" finished-at="2025-02-16T00:21:04 EST" duration-ms="2560" status="PASS">
          <params>
            <param index="0">
              <value>
                <![CDATA[goodmorning@gmail.com]]>
              </value>
            </param>
            <param index="1">
              <value>
                <![CDATA[test@1234]]>
              </value>
            </param>
          </params>
          <reporter-output>
          </reporter-output>
        </test-method> <!-- testLogin -->
        <test-method signature="testLogin(java.lang.String,java.lang.String)[pri:0, instance:testCases.TC02_Login@1941a8ff]" started-at="2025-02-16T00:21:04 EST" name="testLogin" data-provider="LoginData" finished-at="2025-02-16T00:21:07 EST" duration-ms="2686" status="PASS">
          <params>
            <param index="0">
              <value>
                <![CDATA[test121@test.com]]>
              </value>
            </param>
            <param index="1">
              <value>
                <![CDATA[test123]]>
              </value>
            </param>
          </params>
          <reporter-output>
          </reporter-output>
        </test-method> <!-- testLogin -->
        <test-method signature="testLogin(java.lang.String,java.lang.String)[pri:0, instance:testCases.TC02_Login@1941a8ff]" started-at="2025-02-16T00:21:07 EST" name="testLogin" data-provider="LoginData" finished-at="2025-02-16T00:21:09 EST" duration-ms="2210" status="PASS">
          <params>
            <param index="0">
              <value>
                <![CDATA[sid@cloudberry.services]]>
              </value>
            </param>
            <param index="1">
              <value>
                <![CDATA[Test123]]>
              </value>
            </param>
          </params>
          <reporter-output>
          </reporter-output>
        </test-method> <!-- testLogin -->
        <test-method signature="testLogin(java.lang.String,java.lang.String)[pri:0, instance:testCases.TC02_Login@1941a8ff]" started-at="2025-02-16T00:21:09 EST" name="testLogin" data-provider="LoginData" finished-at="2025-02-16T00:21:12 EST" duration-ms="3029" status="PASS">
          <params>
            <param index="0">
              <value>
                <![CDATA[otisdog22@yahoo.com]]>
              </value>
            </param>
            <param index="1">
              <value>
                <![CDATA[1234QWERT]]>
              </value>
            </param>
          </params>
          <reporter-output>
          </reporter-output>
        </test-method> <!-- testLogin -->
        <test-method signature="testLogin(java.lang.String,java.lang.String)[pri:0, instance:testCases.TC02_Login@1941a8ff]" started-at="2025-02-16T00:21:12 EST" name="testLogin" data-provider="LoginData" finished-at="2025-02-16T00:21:15 EST" duration-ms="2270" status="PASS">
          <params>
            <param index="0">
              <value>
                <![CDATA[shalaka.dongre@gmail.com]]>
              </value>
            </param>
            <param index="1">
              <value>
                <![CDATA[Test123!]]>
              </value>
            </param>
          </params>
          <reporter-output>
          </reporter-output>
        </test-method> <!-- testLogin -->
        <test-method is-config="true" signature="closeApp()[pri:0, instance:testCases.TC02_Login@1941a8ff]" started-at="2025-02-16T00:21:15 EST" name="closeApp" finished-at="2025-02-16T00:21:15 EST" duration-ms="122" status="PASS">
          <reporter-output>
          </reporter-output>
        </test-method> <!-- closeApp -->
      </class> <!-- testCases.TC02_Login -->
      <class name="testCases.TC06_PurchaseAGiftCertificate">
        <test-method is-config="true" signature="openApp(java.lang.String,java.lang.String)[pri:0, instance:testCases.TC06_PurchaseAGiftCertificate@7862f56]" started-at="2025-02-16T00:20:45 EST" name="openApp" finished-at="2025-02-16T00:20:49 EST" duration-ms="3670" status="PASS">
          <params>
            <param index="0">
              <value>
                <![CDATA[Mac]]>
              </value>
            </param>
            <param index="1">
              <value>
                <![CDATA[chrome]]>
              </value>
            </param>
          </params>
          <reporter-output>
          </reporter-output>
        </test-method> <!-- openApp -->
        <test-method signature="testPurchaseAGiftCertificate()[pri:0, instance:testCases.TC06_PurchaseAGiftCertificate@7862f56]" started-at="2025-02-16T00:20:49 EST" name="testPurchaseAGiftCertificate" finished-at="2025-02-16T00:20:51 EST" duration-ms="2289" status="PASS">
          <reporter-output>
          </reporter-output>
        </test-method> <!-- testPurchaseAGiftCertificate -->
        <test-method is-config="true" signature="closeApp()[pri:0, instance:testCases.TC06_PurchaseAGiftCertificate@7862f56]" started-at="2025-02-16T00:20:51 EST" name="closeApp" finished-at="2025-02-16T00:20:52 EST" duration-ms="96" status="PASS">
          <reporter-output>
          </reporter-output>
        </test-method> <!-- closeApp -->
      </class> <!-- testCases.TC06_PurchaseAGiftCertificate -->
      <class name="testCases.TC01_LaunchApplication">
        <test-method is-config="true" signature="openApp(java.lang.String,java.lang.String)[pri:0, instance:testCases.TC01_LaunchApplication@66ac5762]" started-at="2025-02-16T00:20:40 EST" name="openApp" finished-at="2025-02-16T00:20:45 EST" duration-ms="5397" status="PASS">
          <params>
            <param index="0">
              <value>
                <![CDATA[Mac]]>
              </value>
            </param>
            <param index="1">
              <value>
                <![CDATA[chrome]]>
              </value>
            </param>
          </params>
          <reporter-output>
          </reporter-output>
        </test-method> <!-- openApp -->
        <test-method signature="testLaunchApplication()[pri:0, instance:testCases.TC01_LaunchApplication@66ac5762]" started-at="2025-02-16T00:20:45 EST" name="testLaunchApplication" finished-at="2025-02-16T00:20:45 EST" duration-ms="45" status="PASS">
          <reporter-output>
          </reporter-output>
        </test-method> <!-- testLaunchApplication -->
        <test-method is-config="true" signature="closeApp()[pri:0, instance:testCases.TC01_LaunchApplication@66ac5762]" started-at="2025-02-16T00:20:45 EST" name="closeApp" finished-at="2025-02-16T00:20:45 EST" duration-ms="99" status="PASS">
          <reporter-output>
          </reporter-output>
        </test-method> <!-- closeApp -->
      </class> <!-- testCases.TC01_LaunchApplication -->
      <class name="testCases.TC03_AddToCart">
        <test-method is-config="true" signature="openApp(java.lang.String,java.lang.String)[pri:0, instance:testCases.TC03_AddToCart@3a12c404]" started-at="2025-02-16T00:20:52 EST" name="openApp" finished-at="2025-02-16T00:20:55 EST" duration-ms="3464" status="PASS">
          <params>
            <param index="0">
              <value>
                <![CDATA[Mac]]>
              </value>
            </param>
            <param index="1">
              <value>
                <![CDATA[chrome]]>
              </value>
            </param>
          </params>
          <reporter-output>
          </reporter-output>
        </test-method> <!-- openApp -->
        <test-method signature="testAddAnItemToWishList()[pri:0, instance:testCases.TC03_AddToCart@3a12c404]" started-at="2025-02-16T00:20:55 EST" name="testAddAnItemToWishList" finished-at="2025-02-16T00:20:57 EST" duration-ms="2297" status="PASS">
          <reporter-output>
          </reporter-output>
        </test-method> <!-- testAddAnItemToWishList -->
        <test-method is-config="true" signature="closeApp()[pri:0, instance:testCases.TC03_AddToCart@3a12c404]" started-at="2025-02-16T00:20:57 EST" name="closeApp" finished-at="2025-02-16T00:20:57 EST" duration-ms="111" status="PASS">
          <reporter-output>
          </reporter-output>
        </test-method> <!-- closeApp -->
      </class> <!-- testCases.TC03_AddToCart -->
      <class name="testCases.TC05_AddAnItemToWishList">
        <test-method is-config="true" signature="openApp(java.lang.String,java.lang.String)[pri:0, instance:testCases.TC05_AddAnItemToWishList@22d7b4f8]" started-at="2025-02-16T00:21:15 EST" name="openApp" finished-at="2025-02-16T00:21:18 EST" duration-ms="3362" status="PASS">
          <params>
            <param index="0">
              <value>
                <![CDATA[Mac]]>
              </value>
            </param>
            <param index="1">
              <value>
                <![CDATA[chrome]]>
              </value>
            </param>
          </params>
          <reporter-output>
          </reporter-output>
        </test-method> <!-- openApp -->
        <test-method signature="testAddToCart()[pri:0, instance:testCases.TC05_AddAnItemToWishList@22d7b4f8]" started-at="2025-02-16T00:21:18 EST" name="testAddToCart" finished-at="2025-02-16T00:21:20 EST" duration-ms="1851" status="PASS">
          <reporter-output>
          </reporter-output>
        </test-method> <!-- testAddToCart -->
        <test-method is-config="true" signature="closeApp()[pri:0, instance:testCases.TC05_AddAnItemToWishList@22d7b4f8]" started-at="2025-02-16T00:21:20 EST" name="closeApp" finished-at="2025-02-16T00:21:20 EST" duration-ms="103" status="PASS">
          <reporter-output>
          </reporter-output>
        </test-method> <!-- closeApp -->
      </class> <!-- testCases.TC05_AddAnItemToWishList -->
      <class name="testCases.TC04_CompletePurchase">
        <test-method is-config="true" signature="openApp(java.lang.String,java.lang.String)[pri:0, instance:testCases.TC04_CompletePurchase@149dd36b]" started-at="2025-02-16T00:21:20 EST" name="openApp" finished-at="2025-02-16T00:21:23 EST" duration-ms="3303" status="PASS">
          <params>
            <param index="0">
              <value>
                <![CDATA[Mac]]>
              </value>
            </param>
            <param index="1">
              <value>
                <![CDATA[chrome]]>
              </value>
            </param>
          </params>
          <reporter-output>
          </reporter-output>
        </test-method> <!-- openApp -->
        <test-method signature="testCompletePurchase()[pri:0, instance:testCases.TC04_CompletePurchase@149dd36b]" started-at="2025-02-16T00:21:23 EST" name="testCompletePurchase" finished-at="2025-02-16T00:22:34 EST" duration-ms="70733" status="PASS">
          <reporter-output>
          </reporter-output>
        </test-method> <!-- testCompletePurchase -->
        <test-method is-config="true" signature="closeApp()[pri:0, instance:testCases.TC04_CompletePurchase@149dd36b]" started-at="2025-02-16T00:22:34 EST" name="closeApp" finished-at="2025-02-16T00:22:34 EST" duration-ms="160" status="PASS">
          <reporter-output>
          </reporter-output>
        </test-method> <!-- closeApp -->
      </class> <!-- testCases.TC04_CompletePurchase -->
    </test> <!-- chromeTest -->
    <test started-at="2025-02-16T00:20:40 EST" name="firefoxTest" finished-at="2025-02-16T00:22:43 EST" duration-ms="122856">
      <class name="testCases.TC02_Login">
        <test-method is-config="true" signature="openApp(java.lang.String,java.lang.String)[pri:0, instance:testCases.TC02_Login@737a135b]" started-at="2025-02-16T00:21:01 EST" name="openApp" finished-at="2025-02-16T00:21:06 EST" duration-ms="4664" status="PASS">
          <params>
            <param index="0">
              <value>
                <![CDATA[Mac]]>
              </value>
            </param>
            <param index="1">
              <value>
                <![CDATA[firefox]]>
              </value>
            </param>
          </params>
          <reporter-output>
          </reporter-output>
        </test-method> <!-- openApp -->
        <test-method signature="testLogin(java.lang.String,java.lang.String)[pri:0, instance:testCases.TC02_Login@737a135b]" started-at="2025-02-16T00:21:06 EST" name="testLogin" data-provider="LoginData" finished-at="2025-02-16T00:21:08 EST" duration-ms="2466" status="PASS">
          <params>
            <param index="0">
              <value>
                <![CDATA[goodmorning@gmail.com]]>
              </value>
            </param>
            <param index="1">
              <value>
                <![CDATA[test@1234]]>
              </value>
            </param>
          </params>
          <reporter-output>
          </reporter-output>
        </test-method> <!-- testLogin -->
        <test-method signature="testLogin(java.lang.String,java.lang.String)[pri:0, instance:testCases.TC02_Login@737a135b]" started-at="2025-02-16T00:21:08 EST" name="testLogin" data-provider="LoginData" finished-at="2025-02-16T00:21:12 EST" duration-ms="3244" status="PASS">
          <params>
            <param index="0">
              <value>
                <![CDATA[test121@test.com]]>
              </value>
            </param>
            <param index="1">
              <value>
                <![CDATA[test123]]>
              </value>
            </param>
          </params>
          <reporter-output>
          </reporter-output>
        </test-method> <!-- testLogin -->
        <test-method signature="testLogin(java.lang.String,java.lang.String)[pri:0, instance:testCases.TC02_Login@737a135b]" started-at="2025-02-16T00:21:12 EST" name="testLogin" data-provider="LoginData" finished-at="2025-02-16T00:21:14 EST" duration-ms="2552" status="PASS">
          <params>
            <param index="0">
              <value>
                <![CDATA[sid@cloudberry.services]]>
              </value>
            </param>
            <param index="1">
              <value>
                <![CDATA[Test123]]>
              </value>
            </param>
          </params>
          <reporter-output>
          </reporter-output>
        </test-method> <!-- testLogin -->
        <test-method signature="testLogin(java.lang.String,java.lang.String)[pri:0, instance:testCases.TC02_Login@737a135b]" started-at="2025-02-16T00:21:14 EST" name="testLogin" data-provider="LoginData" finished-at="2025-02-16T00:21:17 EST" duration-ms="2509" status="PASS">
          <params>
            <param index="0">
              <value>
                <![CDATA[otisdog22@yahoo.com]]>
              </value>
            </param>
            <param index="1">
              <value>
                <![CDATA[1234QWERT]]>
              </value>
            </param>
          </params>
          <reporter-output>
          </reporter-output>
        </test-method> <!-- testLogin -->
        <test-method signature="testLogin(java.lang.String,java.lang.String)[pri:0, instance:testCases.TC02_Login@737a135b]" started-at="2025-02-16T00:21:17 EST" name="testLogin" data-provider="LoginData" finished-at="2025-02-16T00:21:19 EST" duration-ms="2431" status="PASS">
          <params>
            <param index="0">
              <value>
                <![CDATA[shalaka.dongre@gmail.com]]>
              </value>
            </param>
            <param index="1">
              <value>
                <![CDATA[Test123!]]>
              </value>
            </param>
          </params>
          <reporter-output>
          </reporter-output>
        </test-method> <!-- testLogin -->
        <test-method is-config="true" signature="closeApp()[pri:0, instance:testCases.TC02_Login@737a135b]" started-at="2025-02-16T00:21:19 EST" name="closeApp" finished-at="2025-02-16T00:21:20 EST" duration-ms="530" status="PASS">
          <reporter-output>
          </reporter-output>
        </test-method> <!-- closeApp -->
      </class> <!-- testCases.TC02_Login -->
      <class name="testCases.TC06_PurchaseAGiftCertificate">
        <test-method is-config="true" signature="openApp(java.lang.String,java.lang.String)[pri:0, instance:testCases.TC06_PurchaseAGiftCertificate@130dca52]" started-at="2025-02-16T00:20:47 EST" name="openApp" finished-at="2025-02-16T00:20:51 EST" duration-ms="4510" status="PASS">
          <params>
            <param index="0">
              <value>
                <![CDATA[Mac]]>
              </value>
            </param>
            <param index="1">
              <value>
                <![CDATA[firefox]]>
              </value>
            </param>
          </params>
          <reporter-output>
          </reporter-output>
        </test-method> <!-- openApp -->
        <test-method signature="testPurchaseAGiftCertificate()[pri:0, instance:testCases.TC06_PurchaseAGiftCertificate@130dca52]" started-at="2025-02-16T00:20:51 EST" name="testPurchaseAGiftCertificate" finished-at="2025-02-16T00:20:53 EST" duration-ms="1891" status="PASS">
          <reporter-output>
          </reporter-output>
        </test-method> <!-- testPurchaseAGiftCertificate -->
        <test-method is-config="true" signature="closeApp()[pri:0, instance:testCases.TC06_PurchaseAGiftCertificate@130dca52]" started-at="2025-02-16T00:20:53 EST" name="closeApp" finished-at="2025-02-16T00:20:54 EST" duration-ms="702" status="PASS">
          <reporter-output>
          </reporter-output>
        </test-method> <!-- closeApp -->
      </class> <!-- testCases.TC06_PurchaseAGiftCertificate -->
      <class name="testCases.TC01_LaunchApplication">
        <test-method is-config="true" signature="openApp(java.lang.String,java.lang.String)[pri:0, instance:testCases.TC01_LaunchApplication@4d9ac0b4]" started-at="2025-02-16T00:20:40 EST" name="openApp" finished-at="2025-02-16T00:20:46 EST" duration-ms="6534" status="PASS">
          <params>
            <param index="0">
              <value>
                <![CDATA[Mac]]>
              </value>
            </param>
            <param index="1">
              <value>
                <![CDATA[firefox]]>
              </value>
            </param>
          </params>
          <reporter-output>
          </reporter-output>
        </test-method> <!-- openApp -->
        <test-method signature="testLaunchApplication()[pri:0, instance:testCases.TC01_LaunchApplication@4d9ac0b4]" started-at="2025-02-16T00:20:46 EST" name="testLaunchApplication" finished-at="2025-02-16T00:20:46 EST" duration-ms="81" status="PASS">
          <reporter-output>
          </reporter-output>
        </test-method> <!-- testLaunchApplication -->
        <test-method is-config="true" signature="closeApp()[pri:0, instance:testCases.TC01_LaunchApplication@4d9ac0b4]" started-at="2025-02-16T00:20:46 EST" name="closeApp" finished-at="2025-02-16T00:20:47 EST" duration-ms="550" status="PASS">
          <reporter-output>
          </reporter-output>
        </test-method> <!-- closeApp -->
      </class> <!-- testCases.TC01_LaunchApplication -->
      <class name="testCases.TC03_AddToCart">
        <test-method is-config="true" signature="openApp(java.lang.String,java.lang.String)[pri:0, instance:testCases.TC03_AddToCart@2654635]" started-at="2025-02-16T00:20:54 EST" name="openApp" finished-at="2025-02-16T00:20:59 EST" duration-ms="4564" status="PASS">
          <params>
            <param index="0">
              <value>
                <![CDATA[Mac]]>
              </value>
            </param>
            <param index="1">
              <value>
                <![CDATA[firefox]]>
              </value>
            </param>
          </params>
          <reporter-output>
          </reporter-output>
        </test-method> <!-- openApp -->
        <test-method signature="testAddAnItemToWishList()[pri:0, instance:testCases.TC03_AddToCart@2654635]" started-at="2025-02-16T00:20:59 EST" name="testAddAnItemToWishList" finished-at="2025-02-16T00:21:01 EST" duration-ms="1921" status="PASS">
          <reporter-output>
          </reporter-output>
        </test-method> <!-- testAddAnItemToWishList -->
        <test-method is-config="true" signature="closeApp()[pri:0, instance:testCases.TC03_AddToCart@2654635]" started-at="2025-02-16T00:21:01 EST" name="closeApp" finished-at="2025-02-16T00:21:01 EST" duration-ms="540" status="PASS">
          <reporter-output>
          </reporter-output>
        </test-method> <!-- closeApp -->
      </class> <!-- testCases.TC03_AddToCart -->
      <class name="testCases.TC05_AddAnItemToWishList">
        <test-method is-config="true" signature="openApp(java.lang.String,java.lang.String)[pri:0, instance:testCases.TC05_AddAnItemToWishList@687ef2e0]" started-at="2025-02-16T00:21:20 EST" name="openApp" finished-at="2025-02-16T00:21:24 EST" duration-ms="4545" status="PASS">
          <params>
            <param index="0">
              <value>
                <![CDATA[Mac]]>
              </value>
            </param>
            <param index="1">
              <value>
                <![CDATA[firefox]]>
              </value>
            </param>
          </params>
          <reporter-output>
          </reporter-output>
        </test-method> <!-- openApp -->
        <test-method signature="testAddToCart()[pri:0, instance:testCases.TC05_AddAnItemToWishList@687ef2e0]" started-at="2025-02-16T00:21:24 EST" name="testAddToCart" finished-at="2025-02-16T00:21:27 EST" duration-ms="2634" status="PASS">
          <reporter-output>
          </reporter-output>
        </test-method> <!-- testAddToCart -->
        <test-method is-config="true" signature="closeApp()[pri:0, instance:testCases.TC05_AddAnItemToWishList@687ef2e0]" started-at="2025-02-16T00:21:27 EST" name="closeApp" finished-at="2025-02-16T00:21:27 EST" duration-ms="520" status="PASS">
          <reporter-output>
          </reporter-output>
        </test-method> <!-- closeApp -->
      </class> <!-- testCases.TC05_AddAnItemToWishList -->
      <class name="testCases.TC04_CompletePurchase">
        <test-method is-config="true" signature="openApp(java.lang.String,java.lang.String)[pri:0, instance:testCases.TC04_CompletePurchase@15dcfae7]" started-at="2025-02-16T00:21:27 EST" name="openApp" finished-at="2025-02-16T00:21:32 EST" duration-ms="4693" status="PASS">
          <params>
            <param index="0">
              <value>
                <![CDATA[Mac]]>
              </value>
            </param>
            <param index="1">
              <value>
                <![CDATA[firefox]]>
              </value>
            </param>
          </params>
          <reporter-output>
          </reporter-output>
        </test-method> <!-- openApp -->
        <test-method signature="testCompletePurchase()[pri:0, instance:testCases.TC04_CompletePurchase@15dcfae7]" started-at="2025-02-16T00:21:32 EST" name="testCompletePurchase" finished-at="2025-02-16T00:22:42 EST" duration-ms="69864" status="PASS">
          <reporter-output>
          </reporter-output>
        </test-method> <!-- testCompletePurchase -->
        <test-method is-config="true" signature="closeApp()[pri:0, instance:testCases.TC04_CompletePurchase@15dcfae7]" started-at="2025-02-16T00:22:42 EST" name="closeApp" finished-at="2025-02-16T00:22:43 EST" duration-ms="593" status="PASS">
          <reporter-output>
          </reporter-output>
        </test-method> <!-- closeApp -->
      </class> <!-- testCases.TC04_CompletePurchase -->
    </test> <!-- firefoxTest -->
    <test started-at="2025-02-16T00:20:40 EST" name="edgeTest" finished-at="2025-02-16T00:22:50 EST" duration-ms="130014">
      <class name="testCases.TC02_Login">
        <test-method is-config="true" signature="openApp(java.lang.String,java.lang.String)[pri:0, instance:testCases.TC02_Login@12c7a01b]" started-at="2025-02-16T00:21:10 EST" name="openApp" finished-at="2025-02-16T00:21:15 EST" duration-ms="4659" status="PASS">
          <params>
            <param index="0">
              <value>
                <![CDATA[Mac]]>
              </value>
            </param>
            <param index="1">
              <value>
                <![CDATA[edge]]>
              </value>
            </param>
          </params>
          <reporter-output>
          </reporter-output>
        </test-method> <!-- openApp -->
        <test-method signature="testLogin(java.lang.String,java.lang.String)[pri:0, instance:testCases.TC02_Login@12c7a01b]" started-at="2025-02-16T00:21:15 EST" name="testLogin" data-provider="LoginData" finished-at="2025-02-16T00:21:17 EST" duration-ms="2429" status="PASS">
          <params>
            <param index="0">
              <value>
                <![CDATA[goodmorning@gmail.com]]>
              </value>
            </param>
            <param index="1">
              <value>
                <![CDATA[test@1234]]>
              </value>
            </param>
          </params>
          <reporter-output>
          </reporter-output>
        </test-method> <!-- testLogin -->
        <test-method signature="testLogin(java.lang.String,java.lang.String)[pri:0, instance:testCases.TC02_Login@12c7a01b]" started-at="2025-02-16T00:21:17 EST" name="testLogin" data-provider="LoginData" finished-at="2025-02-16T00:21:20 EST" duration-ms="2434" status="PASS">
          <params>
            <param index="0">
              <value>
                <![CDATA[test121@test.com]]>
              </value>
            </param>
            <param index="1">
              <value>
                <![CDATA[test123]]>
              </value>
            </param>
          </params>
          <reporter-output>
          </reporter-output>
        </test-method> <!-- testLogin -->
        <test-method signature="testLogin(java.lang.String,java.lang.String)[pri:0, instance:testCases.TC02_Login@12c7a01b]" started-at="2025-02-16T00:21:20 EST" name="testLogin" data-provider="LoginData" finished-at="2025-02-16T00:21:22 EST" duration-ms="2279" status="PASS">
          <params>
            <param index="0">
              <value>
                <![CDATA[sid@cloudberry.services]]>
              </value>
            </param>
            <param index="1">
              <value>
                <![CDATA[Test123]]>
              </value>
            </param>
          </params>
          <reporter-output>
          </reporter-output>
        </test-method> <!-- testLogin -->
        <test-method signature="testLogin(java.lang.String,java.lang.String)[pri:0, instance:testCases.TC02_Login@12c7a01b]" started-at="2025-02-16T00:21:22 EST" name="testLogin" data-provider="LoginData" finished-at="2025-02-16T00:21:24 EST" duration-ms="2142" status="PASS">
          <params>
            <param index="0">
              <value>
                <![CDATA[otisdog22@yahoo.com]]>
              </value>
            </param>
            <param index="1">
              <value>
                <![CDATA[1234QWERT]]>
              </value>
            </param>
          </params>
          <reporter-output>
          </reporter-output>
        </test-method> <!-- testLogin -->
        <test-method signature="testLogin(java.lang.String,java.lang.String)[pri:0, instance:testCases.TC02_Login@12c7a01b]" started-at="2025-02-16T00:21:24 EST" name="testLogin" data-provider="LoginData" finished-at="2025-02-16T00:21:27 EST" duration-ms="2819" status="PASS">
          <params>
            <param index="0">
              <value>
                <![CDATA[shalaka.dongre@gmail.com]]>
              </value>
            </param>
            <param index="1">
              <value>
                <![CDATA[Test123!]]>
              </value>
            </param>
          </params>
          <reporter-output>
          </reporter-output>
        </test-method> <!-- testLogin -->
        <test-method is-config="true" signature="closeApp()[pri:0, instance:testCases.TC02_Login@12c7a01b]" started-at="2025-02-16T00:21:27 EST" name="closeApp" finished-at="2025-02-16T00:21:28 EST" duration-ms="1141" status="PASS">
          <reporter-output>
          </reporter-output>
        </test-method> <!-- closeApp -->
      </class> <!-- testCases.TC02_Login -->
      <class name="testCases.TC06_PurchaseAGiftCertificate">
        <test-method is-config="true" signature="openApp(java.lang.String,java.lang.String)[pri:0, instance:testCases.TC06_PurchaseAGiftCertificate@5629510]" started-at="2025-02-16T00:20:58 EST" name="openApp" finished-at="2025-02-16T00:21:01 EST" duration-ms="3438" status="PASS">
          <params>
            <param index="0">
              <value>
                <![CDATA[Mac]]>
              </value>
            </param>
            <param index="1">
              <value>
                <![CDATA[edge]]>
              </value>
            </param>
          </params>
          <reporter-output>
          </reporter-output>
        </test-method> <!-- openApp -->
        <test-method signature="testPurchaseAGiftCertificate()[pri:0, instance:testCases.TC06_PurchaseAGiftCertificate@5629510]" started-at="2025-02-16T00:21:01 EST" name="testPurchaseAGiftCertificate" finished-at="2025-02-16T00:21:03 EST" duration-ms="1598" status="PASS">
          <reporter-output>
          </reporter-output>
        </test-method> <!-- testPurchaseAGiftCertificate -->
        <test-method is-config="true" signature="closeApp()[pri:0, instance:testCases.TC06_PurchaseAGiftCertificate@5629510]" started-at="2025-02-16T00:21:03 EST" name="closeApp" finished-at="2025-02-16T00:21:04 EST" duration-ms="1136" status="PASS">
          <reporter-output>
          </reporter-output>
        </test-method> <!-- closeApp -->
      </class> <!-- testCases.TC06_PurchaseAGiftCertificate -->
      <class name="testCases.TC01_LaunchApplication">
        <test-method is-config="true" signature="openApp(java.lang.String,java.lang.String)[pri:0, instance:testCases.TC01_LaunchApplication@2da59753]" started-at="2025-02-16T00:20:40 EST" name="openApp" finished-at="2025-02-16T00:20:56 EST" duration-ms="16606" status="PASS">
          <params>
            <param index="0">
              <value>
                <![CDATA[Mac]]>
              </value>
            </param>
            <param index="1">
              <value>
                <![CDATA[edge]]>
              </value>
            </param>
          </params>
          <reporter-output>
          </reporter-output>
        </test-method> <!-- openApp -->
        <test-method signature="testLaunchApplication()[pri:0, instance:testCases.TC01_LaunchApplication@2da59753]" started-at="2025-02-16T00:20:56 EST" name="testLaunchApplication" finished-at="2025-02-16T00:20:56 EST" duration-ms="73" status="PASS">
          <reporter-output>
          </reporter-output>
        </test-method> <!-- testLaunchApplication -->
        <test-method is-config="true" signature="closeApp()[pri:0, instance:testCases.TC01_LaunchApplication@2da59753]" started-at="2025-02-16T00:20:56 EST" name="closeApp" finished-at="2025-02-16T00:20:58 EST" duration-ms="1127" status="PASS">
          <reporter-output>
          </reporter-output>
        </test-method> <!-- closeApp -->
      </class> <!-- testCases.TC01_LaunchApplication -->
      <class name="testCases.TC03_AddToCart">
        <test-method is-config="true" signature="openApp(java.lang.String,java.lang.String)[pri:0, instance:testCases.TC03_AddToCart@4df5bcb4]" started-at="2025-02-16T00:21:04 EST" name="openApp" finished-at="2025-02-16T00:21:07 EST" duration-ms="3423" status="PASS">
          <params>
            <param index="0">
              <value>
                <![CDATA[Mac]]>
              </value>
            </param>
            <param index="1">
              <value>
                <![CDATA[edge]]>
              </value>
            </param>
          </params>
          <reporter-output>
          </reporter-output>
        </test-method> <!-- openApp -->
        <test-method signature="testAddAnItemToWishList()[pri:0, instance:testCases.TC03_AddToCart@4df5bcb4]" started-at="2025-02-16T00:21:07 EST" name="testAddAnItemToWishList" finished-at="2025-02-16T00:21:09 EST" duration-ms="1963" status="PASS">
          <reporter-output>
          </reporter-output>
        </test-method> <!-- testAddAnItemToWishList -->
        <test-method is-config="true" signature="closeApp()[pri:0, instance:testCases.TC03_AddToCart@4df5bcb4]" started-at="2025-02-16T00:21:09 EST" name="closeApp" finished-at="2025-02-16T00:21:10 EST" duration-ms="1133" status="PASS">
          <reporter-output>
          </reporter-output>
        </test-method> <!-- closeApp -->
      </class> <!-- testCases.TC03_AddToCart -->
      <class name="testCases.TC05_AddAnItemToWishList">
        <test-method is-config="true" signature="openApp(java.lang.String,java.lang.String)[pri:0, instance:testCases.TC05_AddAnItemToWishList@13d9b21f]" started-at="2025-02-16T00:21:28 EST" name="openApp" finished-at="2025-02-16T00:21:32 EST" duration-ms="3294" status="PASS">
          <params>
            <param index="0">
              <value>
                <![CDATA[Mac]]>
              </value>
            </param>
            <param index="1">
              <value>
                <![CDATA[edge]]>
              </value>
            </param>
          </params>
          <reporter-output>
          </reporter-output>
        </test-method> <!-- openApp -->
        <test-method signature="testAddToCart()[pri:0, instance:testCases.TC05_AddAnItemToWishList@13d9b21f]" started-at="2025-02-16T00:21:32 EST" name="testAddToCart" finished-at="2025-02-16T00:21:34 EST" duration-ms="1996" status="PASS">
          <reporter-output>
          </reporter-output>
        </test-method> <!-- testAddToCart -->
        <test-method is-config="true" signature="closeApp()[pri:0, instance:testCases.TC05_AddAnItemToWishList@13d9b21f]" started-at="2025-02-16T00:21:34 EST" name="closeApp" finished-at="2025-02-16T00:21:35 EST" duration-ms="1132" status="PASS">
          <reporter-output>
          </reporter-output>
        </test-method> <!-- closeApp -->
      </class> <!-- testCases.TC05_AddAnItemToWishList -->
      <class name="testCases.TC04_CompletePurchase">
        <test-method is-config="true" signature="openApp(java.lang.String,java.lang.String)[pri:0, instance:testCases.TC04_CompletePurchase@2826f61]" started-at="2025-02-16T00:21:35 EST" name="openApp" finished-at="2025-02-16T00:21:38 EST" duration-ms="3495" status="PASS">
          <params>
            <param index="0">
              <value>
                <![CDATA[Mac]]>
              </value>
            </param>
            <param index="1">
              <value>
                <![CDATA[edge]]>
              </value>
            </param>
          </params>
          <reporter-output>
          </reporter-output>
        </test-method> <!-- openApp -->
        <test-method signature="testCompletePurchase()[pri:0, instance:testCases.TC04_CompletePurchase@2826f61]" started-at="2025-02-16T00:21:38 EST" name="testCompletePurchase" finished-at="2025-02-16T00:22:49 EST" duration-ms="70270" status="PASS">
          <reporter-output>
          </reporter-output>
        </test-method> <!-- testCompletePurchase -->
        <test-method is-config="true" signature="closeApp()[pri:0, instance:testCases.TC04_CompletePurchase@2826f61]" started-at="2025-02-16T00:22:49 EST" name="closeApp" finished-at="2025-02-16T00:22:50 EST" duration-ms="1168" status="PASS">
          <reporter-output>
          </reporter-output>
        </test-method> <!-- closeApp -->
      </class> <!-- testCases.TC04_CompletePurchase -->
    </test> <!-- edgeTest -->
  </suite> <!-- Suite -->
</testng-results>
