<?xml version="1.0" encoding="UTF-8"?>
<testng-results ignored="0" total="0" passed="0" failed="0" skipped="0">
  <reporter-output>
  </reporter-output>
  <suite started-at="2025-04-05T21:11:38 EDT" name="Suite" finished-at="2025-04-05T21:11:38 EDT" duration-ms="0">
    <groups>
      <group name="regression">
        <method signature="TC08_Advance_Search_Page.testAdvanceSearch(java.lang.String,java.lang.String,java.lang.String,java.lang.String,java.lang.String,java.lang.String)[pri:0, instance:testCases.TC08_Advance_Search_Page@3bcbb589]" name="testAdvanceSearch" class="testCases.TC08_Advance_Search_Page"/>
      </group> <!-- regression -->
      <group name="smoke">
        <method signature="TC08_Advance_Search_Page.testAdvanceSearch(java.lang.String,java.lang.String,java.lang.String,java.lang.String,java.lang.String,java.lang.String)[pri:0, instance:testCases.TC08_Advance_Search_Page@3bcbb589]" name="testAdvanceSearch" class="testCases.TC08_Advance_Search_Page"/>
      </group> <!-- smoke -->
    </groups>
  </suite> <!-- Suite -->
</testng-results>
